<?xml version="1.0" encoding="UTF-8"?>
<!-- Generated by org.testng.reporters.JUnitReportReporter -->
<testsuite hostname="Ashish" failures="0" tests="1" name="com.vtiger.LoginTest.LoginTest" time="7.265" errors="0" timestamp="2025-04-23T10:51:14 IST" skipped="0">
  <testcase classname="com.vtiger.LoginTest.LoginTest" name="loginToApp" time="7.265"/>
</testsuite> <!-- com.vtiger.LoginTest.LoginTest -->
