<?xml version="1.0" encoding="UTF-8"?>
<!-- Generated by org.testng.reporters.JUnitReportReporter -->
<testsuite hostname="Ashish" failures="0" tests="1" name="com.vtiger.OrgTest.DocumentsLinkTest" time="8.052" errors="0" timestamp="2025-04-22T17:54:03 IST" skipped="0">
  <testcase classname="com.vtiger.OrgTest.DocumentsLinkTest" name="documentLinkTest" time="8.052"/>
</testsuite> <!-- com.vtiger.OrgTest.DocumentsLinkTest -->
