<?xml version="1.0" encoding="UTF-8"?>
<!-- Generated by org.testng.reporters.JUnitReportReporter -->
<testsuite hostname="Ashish" failures="0" tests="1" name="com.vtiger.OrgTest.LeadsLinkTest" time="15.697" errors="0" timestamp="2025-04-24T15:14:06 IST" skipped="0">
  <testcase classname="com.vtiger.OrgTest.LeadsLinkTest" name="leadsLinkTest" time="15.697"/>
</testsuite> <!-- com.vtiger.OrgTest.LeadsLinkTest -->
