<?xml version="1.0" encoding="UTF-8"?>
<!-- Generated by org.testng.reporters.JUnitReportReporter -->
<testsuite hostname="Ashish" failures="0" tests="1" name="com.vtiger.OrgTest.ChatTest" time="5.807" errors="0" timestamp="2025-04-24T15:35:39 IST" skipped="0">
  <testcase classname="com.vtiger.OrgTest.ChatTest" name="chatTest" time="5.807"/>
</testsuite> <!-- com.vtiger.OrgTest.ChatTest -->
