<?xml version="1.0" encoding="UTF-8"?>
<!-- Generated by org.testng.reporters.JUnitReportReporter -->
<testsuite hostname="Ashish" failures="0" tests="1" name="com.vtiger.IntegrationTest.CreateOrgTest" time="21.185" errors="0" timestamp="2025-05-04T14:18:06 IST" skipped="0">
  <testcase classname="com.vtiger.IntegrationTest.CreateOrgTest" name="createNewOrgTest" time="21.185"/>
</testsuite> <!-- com.vtiger.IntegrationTest.CreateOrgTest -->
