<?xml version="1.0" encoding="UTF-8"?>
<!-- Generated by org.testng.reporters.JUnitReportReporter -->
<testsuite hostname="Ashish" failures="0" tests="1" name="com.vtiger.OrgTest.LogoutTest" time="8.675" errors="0" timestamp="2025-04-24T15:56:28 IST" skipped="0">
  <testcase classname="com.vtiger.OrgTest.LogoutTest" name="loginToApp" time="8.675"/>
</testsuite> <!-- com.vtiger.OrgTest.LogoutTest -->
