<?xml version="1.0" encoding="UTF-8"?>
<!-- Generated by org.testng.reporters.JUnitReportReporter -->
<testsuite hostname="Ashish" failures="0" tests="1" name="com.vtiger.OrgTest.ContactsLinkTest" time="7.138" errors="0" timestamp="2025-04-22T16:23:22 IST" skipped="0">
  <testcase classname="com.vtiger.OrgTest.ContactsLinkTest" name="contactsLinkTest" time="7.138"/>
</testsuite> <!-- com.vtiger.OrgTest.ContactsLinkTest -->
