<?xml version="1.0" encoding="UTF-8"?>
<!-- Generated by org.testng.reporters.JUnitReportReporter -->
<testsuite hostname="Ashish" failures="0" tests="1" name="com.vtiger.OrgTest.CalendarTest" time="6.595" errors="0" timestamp="2025-04-24T15:21:26 IST" skipped="0">
  <testcase classname="com.vtiger.OrgTest.CalendarTest" name="calendarTest" time="6.595"/>
</testsuite> <!-- com.vtiger.OrgTest.CalendarTest -->
