<?xml version="1.0" encoding="UTF-8"?>
<!-- Generated by org.testng.reporters.JUnitReportReporter -->
<testsuite hostname="Ashish" failures="0" tests="1" name="com.vtiger.OrgTest.CRMSettingsLinkTest" time="5.731" errors="0" timestamp="2025-04-23T11:22:18 IST" skipped="0">
  <testcase classname="com.vtiger.OrgTest.CRMSettingsLinkTest" name="settingsTest" time="5.731"/>
</testsuite> <!-- com.vtiger.OrgTest.CRMSettingsLinkTest -->
