<?xml version="1.0" encoding="UTF-8"?>
<!-- Generated by org.testng.reporters.JUnitReportReporter -->
<testsuite hostname="Ashish" failures="0" tests="1" name="com.vtiger.OrgTest.DashboardLinkTest" time="7.886" errors="0" timestamp="2025-04-23T13:35:17 IST" skipped="0">
  <testcase classname="com.vtiger.OrgTest.DashboardLinkTest" name="dashboardLinkTest" time="7.886"/>
</testsuite> <!-- com.vtiger.OrgTest.DashboardLinkTest -->
