<?xml version="1.0" encoding="UTF-8"?>
<!-- Generated by org.testng.reporters.JUnitReportReporter -->
<testsuite hostname="Ashish" failures="0" tests="1" name="com.vtiger.OrgTest.OpportunitiesLinkTest" time="7.346" errors="0" timestamp="2025-04-24T15:41:26 IST" skipped="0">
  <testcase classname="com.vtiger.OrgTest.OpportunitiesLinkTest" name="opportunitiesLinkTest" time="7.346"/>
</testsuite> <!-- com.vtiger.OrgTest.OpportunitiesLinkTest -->
