<?xml version="1.0" encoding="UTF-8"?>
<!-- Generated by org.testng.reporters.JUnitReportReporter -->
<testsuite hostname="Ashish" failures="0" tests="1" name="com.vtiger.OrgTest.ClockTest" time="7.043" errors="0" timestamp="2025-04-24T15:29:03 IST" skipped="0">
  <testcase classname="com.vtiger.OrgTest.ClockTest" name="clockTest" time="7.043"/>
</testsuite> <!-- com.vtiger.OrgTest.ClockTest -->
