<?xml version="1.0" encoding="UTF-8"?>
<!-- Generated by org.testng.reporters.JUnitReportReporter -->
<testsuite hostname="Ashish" failures="0" tests="1" name="com.vtiger.OrgTest.TicketsLinkTest" time="7.117" errors="0" timestamp="2025-04-23T12:53:52 IST" skipped="0">
  <testcase classname="com.vtiger.OrgTest.TicketsLinkTest" name="ticketsLinkTest" time="7.117"/>
</testsuite> <!-- com.vtiger.OrgTest.TicketsLinkTest -->
