<?xml version="1.0" encoding="UTF-8"?>
<!-- Generated by org.testng.reporters.JUnitReportReporter -->
<testsuite hostname="Ashish" failures="0" tests="1" name="com.vtiger.OrgTest.OrgLinkTest" time="7.296" errors="0" timestamp="2025-04-23T10:55:14 IST" skipped="0">
  <testcase classname="com.vtiger.OrgTest.OrgLinkTest" name="orgLinkTest" time="7.296"/>
</testsuite> <!-- com.vtiger.OrgTest.OrgLinkTest -->
