<?xml version="1.0" encoding="UTF-8"?>
<!-- Generated by org.testng.reporters.JUnitReportReporter -->
<testsuite hostname="Ashish" failures="0" tests="1" name="com.vtiger.OrgTest.EmailLinkTest" time="6.759" errors="0" timestamp="2025-04-23T11:36:41 IST" skipped="0">
  <testcase classname="com.vtiger.OrgTest.EmailLinkTest" name="emailLinkTest" time="6.759"/>
</testsuite> <!-- com.vtiger.OrgTest.EmailLinkTest -->
