<?xml version="1.0" encoding="UTF-8"?>
<!-- Generated by org.testng.reporters.JUnitReportReporter -->
<testsuite hostname="Ashish" failures="0" tests="1" name="com.vtiger.OrgTest.ProductsLinkTest" time="7.971" errors="0" timestamp="2025-04-22T17:34:46 IST" skipped="0">
  <testcase classname="com.vtiger.OrgTest.ProductsLinkTest" name="productsLinkTest" time="7.971"/>
</testsuite> <!-- com.vtiger.OrgTest.ProductsLinkTest -->
