<?xml version="1.0" encoding="UTF-8"?>
<!-- Generated by org.testng.reporters.JUnitReportReporter -->
<testsuite hostname="Ashish" failures="0" tests="1" name="com.vtiger.OrgTest.PreferenceslinkTest" time="5.307" errors="0" timestamp="2025-04-23T10:55:35 IST" skipped="0">
  <testcase classname="com.vtiger.OrgTest.PreferenceslinkTest" name="preferencesLinkTest" time="5.307"/>
</testsuite> <!-- com.vtiger.OrgTest.PreferenceslinkTest -->
